app/build/outputs/logs/manifest-merger-debug-report.txt
-- Merging decision tree log ---
manifest
ADDED from src\main\AndroidManifest.xml:1:1-53:12
	package
		ADDED from src\main\AndroidManifest.xml:2:5-40
		INJECTED from src\main\AndroidManifest.xml
		INJECTED from src\main\AndroidManifest.xml
	android:versionName
		ADDED from src\main\AndroidManifest.xml:4:5-30
		INJECTED from src\main\AndroidManifest.xml
		INJECTED from src\main\AndroidManifest.xml
	android:versionCode
		ADDED from src\main\AndroidManifest.xml:3:5-28
		INJECTED from src\main\AndroidManifest.xml
		INJECTED from src\main\AndroidManifest.xml
	xmlns:android
		ADDED from src\main\AndroidManifest.xml:1:11-69
uses-sdk
ADDED from src\main\AndroidManifest.xml:6:5-8:41
	android:targetSdkVersion
		ADDED from src\main\AndroidManifest.xml:8:9-38
		INJECTED from src\main\AndroidManifest.xml
		INJECTED from src\main\AndroidManifest.xml
	android:minSdkVersion
		ADDED from src\main\AndroidManifest.xml:7:9-34
		INJECTED from src\main\AndroidManifest.xml
		INJECTED from src\main\AndroidManifest.xml
application
ADDED from src\main\AndroidManifest.xml:10:5-50:23
	android:label
		ADDED from src\main\AndroidManifest.xml:12:9-41
	android:icon
		ADDED from src\main\AndroidManifest.xml:11:9-45
	android:theme
		ADDED from src\main\AndroidManifest.xml:13:9-40
activity#org.example.irohaninumber.IrohaniNumber
ADDED from src\main\AndroidManifest.xml:14:9-23:20
	android:screenOrientation
		ADDED from src\main\AndroidManifest.xml:16:13-49
	android:label
		ADDED from src\main\AndroidManifest.xml:17:13-66
	android:name
		ADDED from src\main\AndroidManifest.xml:15:13-42
intent-filter#android.intent.action.MAIN+android.intent.category.LAUNCHER
ADDED from src\main\AndroidManifest.xml:18:13-22:29
action#android.intent.action.MAIN
ADDED from src\main\AndroidManifest.xml:19:17-69
	android:name
		ADDED from src\main\AndroidManifest.xml:19:25-66
category#android.intent.category.LAUNCHER
ADDED from src\main\AndroidManifest.xml:21:17-77
	android:name
		ADDED from src\main\AndroidManifest.xml:21:27-74
activity#com.google.ads.AdActivity
ADDED from src\main\AndroidManifest.xml:25:8-171
	android:configChanges
		ADDED from src\main\AndroidManifest.xml:25:59-168
	android:name
		ADDED from src\main\AndroidManifest.xml:25:18-58
activity#org.example.irohaninumber.IrohaniInstructions
ADDED from src\main\AndroidManifest.xml:30:9-33:21
	android:screenOrientation
		ADDED from src\main\AndroidManifest.xml:31:13-49
	android:label
		ADDED from src\main\AndroidManifest.xml:32:13-45
	android:name
		ADDED from src\main\AndroidManifest.xml:30:19-54
activity#org.example.irohaninumber.TextureIroNum
ADDED from src\main\AndroidManifest.xml:34:9-37:21
	android:screenOrientation
		ADDED from src\main\AndroidManifest.xml:35:13-49
	android:label
		ADDED from src\main\AndroidManifest.xml:36:13-45
	android:name
		ADDED from src\main\AndroidManifest.xml:34:19-48
activity#org.example.irohaninumber.IrohaniRanking
ADDED from src\main\AndroidManifest.xml:38:9-41:21
	android:screenOrientation
		ADDED from src\main\AndroidManifest.xml:39:13-49
	android:label
		ADDED from src\main\AndroidManifest.xml:40:13-45
	android:name
		ADDED from src\main\AndroidManifest.xml:38:19-49
meta-data#gamefeat_ranking_api_key
ADDED from src\main\AndroidManifest.xml:43:10-144
	android:value
		ADDED from src\main\AndroidManifest.xml:43:61-141
	android:name
		ADDED from src\main\AndroidManifest.xml:43:21-60
activity#jp.basicinc.gamefeat.ranking.android.sdk.activity.GFRankingActivity
ADDED from src\main\AndroidManifest.xml:44:10-48:21
	android:label
		ADDED from src\main\AndroidManifest.xml:46:14-37
	android:configChanges
		ADDED from src\main\AndroidManifest.xml:47:14-64
	android:name
		ADDED from src\main\AndroidManifest.xml:45:14-96
uses-permission#android.permission.INTERNET
ADDED from src\main\AndroidManifest.xml:51:9-71
	android:name
		ADDED from src\main\AndroidManifest.xml:51:26-68
uses-permission#android.permission.ACCESS_NETWORK_STATE
ADDED from src\main\AndroidManifest.xml:52:9-83
	android:name
		ADDED from src\main\AndroidManifest.xml:52:26-80